<?xml version="1.0" encoding="UTF-8"?>
<!-- Generated by org.testng.reporters.JUnitXMLReporter -->
<testsuite ignored="0" hostname="DESKTOP-66CQ6OQ" failures="1" tests="3" name="Test" time="28.092" errors="0" timestamp="2024-04-03T01:22:10 IST">
  <testcase classname="com.CRM.TestCases.HomepageTest" name="VerifyUrl" time="0.032"/>
  <testcase classname="com.CRM.TestCases.HomepageTest" name="VerifyTitle" time="0.05"/>
  <testcase classname="com.CRM.TestCases.HomepageTest" name="VerifySignIn" time="1.402">
    <failure type="java.lang.AssertionError" message="Test fail login Page not Found expected [true] but found [false]">
      <![CDATA[java.lang.AssertionError: Test fail login Page not Found expected [true] but found [false]
at com.CRM.TestCases.HomepageTest.VerifySignIn(HomepageTest.java:25)
at java.base/java.util.ArrayList.forEach(ArrayList.java:1511)
... Removed 28 stack frames]]>
    </failure>
  </testcase> <!-- VerifySignIn -->
</testsuite> <!-- Test -->
